<?xml version="1.0" encoding="windows-1252" standalone="no"?>
<!DOCTYPE log SYSTEM "logger.dtd">
<log>
<record>
  <date>2022-03-16T10:07:37.124203700Z</date>
  <millis>1647425257124</millis>
  <nanos>203700</nanos>
  <sequence>0</sequence>
  <logger>logs.LogConsolaMasFichero</logger>
  <level>CONFIG</level>
  <class>logs.LogConsolaMasFichero</class>
  <method>main</method>
  <thread>1</thread>
  <message>Configuración hecha.</message>
</record>
<record>
  <date>2022-03-16T10:07:37.199039Z</date>
  <millis>1647425257199</millis>
  <nanos>39000</nanos>
  <sequence>1</sequence>
  <logger>logs.LogConsolaMasFichero</logger>
  <level>FINE</level>
  <class>logs.LogConsolaMasFichero</class>
  <method>main</method>
  <thread>1</thread>
  <message>Nivel de log cambiado a FINE</message>
</record>
<record>
  <date>2022-03-16T10:07:37.204025800Z</date>
  <millis>1647425257204</millis>
  <nanos>25800</nanos>
  <sequence>2</sequence>
  <logger>logs.LogConsolaMasFichero</logger>
  <level>FINER</level>
  <class>logs.LogConsolaMasFichero</class>
  <method>main</method>
  <thread>1</thread>
  <message>Ejemplo con log FINE en LOGGER completado.</message>
</record>
</log>
